<?xml version="1.0" encoding="UTF-8"?>
<!-- Generated by org.testng.reporters.JUnitReportReporter -->
<testsuite skipped="0" hostname="mrsz.local" name="com.qa.hotels.com.tests.HomePageTest" tests="4" failures="0" timestamp="2020-10-24T19:30:27 CDT" time="89.738" errors="0">
  <testcase name="selectDate" time="27.441" classname="com.qa.hotels.com.tests.HomePageTest"/>
  <system-out/>
  <testcase name="selectDate" time="33.998" classname="com.qa.hotels.com.tests.HomePageTest"/>
  <system-out/>
  <testcase name="verifyHomePageTitle" time="16.471" classname="com.qa.hotels.com.tests.HomePageTest"/>
  <system-out/>
  <testcase name="verifyHomePageTitle" time="11.828" classname="com.qa.hotels.com.tests.HomePageTest"/>
  <system-out/>
</testsuite> <!-- com.qa.hotels.com.tests.HomePageTest -->
