<?xml version="1.0" encoding="UTF-8"?>
<!-- Generated by org.testng.reporters.JUnitReportReporter -->
<testsuite skipped="0" hostname="mrsz.local" name="com.qa.hotels.com.tests.SelectHotelsTest" tests="10" failures="0" timestamp="2020-10-24T19:30:22 CDT" time="174.457" errors="0">
  <testcase name="verifyHiltonIs3Star" time="46.995" classname="com.qa.hotels.com.tests.SelectHotelsTest"/>
  <system-out/>
  <testcase name="verifyHiltonIs3Star" time="37.533" classname="com.qa.hotels.com.tests.SelectHotelsTest"/>
  <system-out/>
  <testcase name="getHotelsFeature" time="19.898" classname="com.qa.hotels.com.tests.SelectHotelsTest"/>
  <system-out/>
  <testcase name="getHotelsFeature" time="14.850" classname="com.qa.hotels.com.tests.SelectHotelsTest"/>
  <system-out/>
  <testcase name="verifyhotels3" time="8.109" classname="com.qa.hotels.com.tests.SelectHotelsTest"/>
  <system-out/>
  <testcase name="verifyhotels3" time="7.976" classname="com.qa.hotels.com.tests.SelectHotelsTest"/>
  <system-out/>
  <testcase name="get4StarHotels" time="10.215" classname="com.qa.hotels.com.tests.SelectHotelsTest"/>
  <system-out/>
  <testcase name="get4StarHotels" time="10.142" classname="com.qa.hotels.com.tests.SelectHotelsTest"/>
  <system-out/>
  <testcase name="get5starHotelsList" time="9.342" classname="com.qa.hotels.com.tests.SelectHotelsTest"/>
  <system-out/>
  <testcase name="get5starHotelsList" time="9.397" classname="com.qa.hotels.com.tests.SelectHotelsTest"/>
  <system-out/>
</testsuite> <!-- com.qa.hotels.com.tests.SelectHotelsTest -->
